SF:lib/models/raffle_model.dart
DA:37,1
DA:62,1
DA:63,1
DA:64,1
DA:65,1
DA:66,2
DA:67,0
DA:70,1
DA:72,1
DA:73,1
DA:74,1
DA:75,1
DA:76,1
DA:77,1
DA:78,1
DA:79,0
DA:81,1
DA:82,1
DA:84,2
DA:85,1
DA:86,1
DA:87,2
DA:88,2
DA:89,1
DA:90,1
DA:91,4
DA:92,1
DA:94,1
DA:95,1
DA:96,0
DA:98,1
DA:99,2
DA:100,2
DA:101,1
DA:105,1
DA:106,1
DA:107,1
DA:108,1
DA:109,1
DA:110,1
DA:111,1
DA:112,1
DA:113,1
DA:114,1
DA:115,1
DA:116,1
DA:117,1
DA:118,2
DA:119,2
DA:120,1
DA:121,2
DA:122,1
DA:123,1
DA:124,1
DA:125,2
DA:126,2
DA:127,1
DA:131,1
DA:155,1
DA:156,1
DA:157,1
DA:158,1
DA:159,1
DA:160,1
DA:161,1
DA:162,1
DA:163,1
DA:164,1
DA:165,1
DA:166,1
DA:167,1
DA:168,1
DA:169,1
DA:170,1
DA:171,1
DA:172,1
DA:173,1
DA:174,1
DA:175,1
DA:176,1
DA:177,1
DA:181,1
DA:182,2
DA:183,3
DA:184,3
DA:186,4
DA:188,5
DA:190,4
DA:209,1
DA:225,1
DA:226,1
DA:227,0
DA:228,1
DA:229,2
DA:230,0
DA:233,1
DA:235,1
DA:236,1
DA:237,1
DA:238,1
DA:239,2
DA:240,1
DA:241,1
DA:243,1
DA:244,1
DA:245,1
DA:246,1
DA:247,1
DA:248,2
DA:250,1
DA:254,1
DA:255,1
DA:256,1
DA:257,1
DA:258,1
DA:259,1
DA:260,2
DA:261,1
DA:262,1
DA:263,1
DA:264,1
DA:265,1
DA:266,3
DA:267,1
DA:291,1
DA:310,1
DA:311,1
DA:312,0
DA:313,1
DA:314,2
DA:315,0
DA:318,1
DA:320,1
DA:321,1
DA:322,1
DA:323,1
DA:324,1
DA:325,1
DA:326,2
DA:327,2
DA:328,1
DA:329,1
DA:330,1
DA:331,4
DA:332,0
DA:334,3
DA:335,1
DA:336,1
DA:337,2
DA:339,1
DA:343,1
DA:344,1
DA:345,1
DA:346,1
DA:347,1
DA:348,1
DA:349,1
DA:350,1
DA:351,1
DA:352,2
DA:353,1
DA:354,1
DA:355,2
DA:356,3
DA:357,1
DA:358,1
DA:359,2
DA:361,1
DA:365,3
DA:366,1
DA:367,4
DA:368,4
LF:172
LH:164
end_of_record
